<?xml version="1.0" encoding="UTF-8"?>
<!-- Generated by org.testng.reporters.JUnitXMLReporter -->
<testsuite hostname="shikha" name="Default test" tests="9" failures="0" timestamp="28 Aug 2019 13:39:41 GMT" time="0.305" errors="0">
  <testcase name="afterInvocation" time="0.0" classname="com.testcases.Tc_01">
    <skipped/>
  </testcase> <!-- afterInvocation -->
  <testcase name="beforeInvocation" time="0.0" classname="com.testcases.Tc_01">
    <skipped/>
  </testcase> <!-- beforeInvocation -->
  <testcase name="onFinish" time="0.045" classname="com.testcases.Tc_01"/>
  <testcase name="onStart" time="0.003" classname="com.testcases.Tc_01"/>
  <testcase name="onTestFailedButWithinSuccessPercentage" time="0.003" classname="com.testcases.Tc_01"/>
  <testcase name="onTestFailure" time="0.003" classname="com.testcases.Tc_01"/>
  <testcase name="onTestSkipped" time="0.004" classname="com.testcases.Tc_01"/>
  <testcase name="onTestStart" time="0.003" classname="com.testcases.Tc_01"/>
  <testcase name="onTestSuccess" time="0.003" classname="com.testcases.Tc_01"/>
</testsuite> <!-- Default test -->
